<?xml version="1.0" encoding="UTF-8"?>
<!-- Generated by org.testng.reporters.JUnitXMLReporter -->
<testsuite hostname="CABOTIA002" ignored="5" name="parametertest-firefox" tests="1" failures="0" timestamp="01 Feb 2018 10:24:13 GMT" time="48.374" errors="0">
  <testcase name="accordion" time="37.796" classname="SeleniumSession1.Mouseactions"/>
  <testcase name="draganddrop" time="0.0" classname="SeleniumSession1.Mouseactions">
    <ignored/>
  </testcase> <!-- draganddrop -->
  <testcase name="dataparam" time="0.0" classname="SeleniumSession1.Asserttests">
    <ignored/>
  </testcase> <!-- dataparam -->
  <testcase name="AssertPass" time="0.0" classname="SeleniumSession1.Asserttests">
    <ignored/>
  </testcase> <!-- AssertPass -->
  <testcase name="Resize" time="0.0" classname="SeleniumSession1.Mouseactions">
    <ignored/>
  </testcase> <!-- Resize -->
  <testcase name="slider" time="0.0" classname="SeleniumSession1.Mouseactions">
    <ignored/>
  </testcase> <!-- slider -->
</testsuite> <!-- parametertest-firefox -->
